<?xml version="1.0" encoding="UTF-8"?>
<testng-results ignored="0" total="3" passed="3" failed="0" skipped="0">
  <reporter-output>
  </reporter-output>
  <suite started-at="2022-02-05T22:59:46 EST" name="All Test Suite" finished-at="2022-02-05T23:01:44 EST" duration-ms="118418">
    <groups>
    </groups>
    <test started-at="2022-02-05T22:59:46 EST" name="C:/Users/Miche/IdeaProjects/FullStackFramework" finished-at="2022-02-05T23:01:44 EST" duration-ms="118418">
      <class name="Tests.chromeTest1">
        <test-method is-config="true" signature="startDockerScale()[pri:0, instance:Tests.chromeTest1@6ce139a4]" started-at="2022-02-05T22:59:46 EST" name="startDockerScale" finished-at="2022-02-05T23:00:19 EST" duration-ms="33034" status="PASS">
          <reporter-output>
          </reporter-output>
        </test-method> <!-- startDockerScale -->
        <test-method signature="test1()[pri:0, instance:Tests.chromeTest1@6ce139a4]" started-at="2022-02-05T23:01:25 EST" name="test1" finished-at="2022-02-05T23:01:29 EST" duration-ms="3704" status="PASS">
          <reporter-output>
          </reporter-output>
        </test-method> <!-- test1 -->
        <test-method is-config="true" signature="stopDockerDeleteFile()[pri:0, instance:Tests.chromeTest1@6ce139a4]" started-at="2022-02-05T23:01:35 EST" name="stopDockerDeleteFile" finished-at="2022-02-05T23:01:38 EST" duration-ms="3012" status="PASS">
          <reporter-output>
          </reporter-output>
        </test-method> <!-- stopDockerDeleteFile -->
      </class> <!-- Tests.chromeTest1 -->
      <class name="Tests.chromeTest2">
        <test-method is-config="true" signature="startDockerScale()[pri:0, instance:Tests.chromeTest2@18ce0030]" started-at="2022-02-05T23:00:19 EST" name="startDockerScale" finished-at="2022-02-05T23:00:52 EST" duration-ms="33013" status="PASS">
          <reporter-output>
          </reporter-output>
        </test-method> <!-- startDockerScale -->
        <test-method signature="test2()[pri:0, instance:Tests.chromeTest2@18ce0030]" started-at="2022-02-05T23:01:29 EST" name="test2" finished-at="2022-02-05T23:01:30 EST" duration-ms="1785" status="PASS">
          <reporter-output>
          </reporter-output>
        </test-method> <!-- test2 -->
        <test-method is-config="true" signature="stopDockerDeleteFile()[pri:0, instance:Tests.chromeTest2@18ce0030]" started-at="2022-02-05T23:01:38 EST" name="stopDockerDeleteFile" finished-at="2022-02-05T23:01:41 EST" duration-ms="3005" status="PASS">
          <reporter-output>
          </reporter-output>
        </test-method> <!-- stopDockerDeleteFile -->
      </class> <!-- Tests.chromeTest2 -->
      <class name="Tests.chromeTest3">
        <test-method is-config="true" signature="startDockerScale()[pri:0, instance:Tests.chromeTest3@4445629]" started-at="2022-02-05T23:00:52 EST" name="startDockerScale" finished-at="2022-02-05T23:01:25 EST" duration-ms="33028" status="PASS">
          <reporter-output>
          </reporter-output>
        </test-method> <!-- startDockerScale -->
        <test-method signature="test3()[pri:0, instance:Tests.chromeTest3@4445629]" started-at="2022-02-05T23:01:30 EST" name="test3" finished-at="2022-02-05T23:01:35 EST" duration-ms="4807" status="PASS">
          <reporter-output>
          </reporter-output>
        </test-method> <!-- test3 -->
        <test-method is-config="true" signature="stopDockerDeleteFile()[pri:0, instance:Tests.chromeTest3@4445629]" started-at="2022-02-05T23:01:41 EST" name="stopDockerDeleteFile" finished-at="2022-02-05T23:01:44 EST" duration-ms="3005" status="PASS">
          <reporter-output>
          </reporter-output>
        </test-method> <!-- stopDockerDeleteFile -->
      </class> <!-- Tests.chromeTest3 -->
    </test> <!-- C:/Users/Miche/IdeaProjects/FullStackFramework -->
  </suite> <!-- All Test Suite -->
</testng-results>
