<?xml version="1.0" encoding="UTF-8"?>
<testsuite xmlns:xsi="http://www.w3.org/2001/XMLSchema-instance" xsi:noNamespaceSchemaLocation="https://maven.apache.org/surefire/maven-surefire-plugin/xsd/surefire-test-report-3.0.xsd" version="3.0" name="TestSuite" time="48.606" tests="3" errors="0" skipped="0" failures="0">
  <properties>
[...]
</properties>
  <testcase name="test1" classname="Tests.chromeTest1" time="2.236">
    <system-out><![CDATA[Found my Text
Google
Docker Test Ended
]]></system-out>
    <system-err><![CDATA[SLF4J: Failed to load class "org.slf4j.impl.StaticLoggerBinder".
SLF4J: Defaulting to no-operation (NOP) logger implementation
SLF4J: See http://www.slf4j.org/codes.html#StaticLoggerBinder for further details.
Feb 05, 2022 9:58:33 PM org.openqa.selenium.remote.ProtocolHandshake createSession
INFO: Detected dialect: W3C
]]></system-err>
  </testcase>
  <testcase name="test2" classname="Tests.chromeTest2" time="2.004">
    <system-out><![CDATA[Google
Docker Test Ended
]]></system-out>
    <system-err><![CDATA[Feb 05, 2022 9:58:34 PM org.openqa.selenium.remote.ProtocolHandshake createSession
INFO: Detected dialect: W3C
]]></system-err>
  </testcase>
  <testcase name="test3" classname="Tests.chromeTest3" time="7.957">
    <system-out><![CDATA[Yahoo | Mail, Weather, Search, Politics, News, Finance, Sports & Videos
Docker Test Ended
]]></system-out>
    <system-err><![CDATA[Feb 05, 2022 9:58:37 PM org.openqa.selenium.remote.ProtocolHandshake createSession
INFO: Detected dialect: W3C
]]></system-err>
  </testcase>
</testsuite>