<?xml version="1.0" encoding="UTF-8"?>
<testng-results ignored="0" total="3" passed="3" failed="0" skipped="0">
  <reporter-output>
  </reporter-output>
  <suite started-at="2022-02-05T21:57:58 EST" name="All Test Suite" finished-at="2022-02-05T21:58:46 EST" duration-ms="48253">
    <groups>
    </groups>
    <test started-at="2022-02-05T21:57:58 EST" name="C:/Users/Miche/IdeaProjects/FullStackFramework" finished-at="2022-02-05T21:58:46 EST" duration-ms="48253">
      <class name="Tests.chromeTest1">
        <test-method is-config="true" signature="startDockerScale()[pri:0, instance:Tests.chromeTest1@6ce139a4]" started-at="2022-02-05T21:57:58 EST" name="startDockerScale" finished-at="2022-02-05T21:58:31 EST" duration-ms="33028" status="PASS">
          <reporter-output>
          </reporter-output>
        </test-method> <!-- startDockerScale -->
        <test-method signature="test1()[pri:0, instance:Tests.chromeTest1@6ce139a4]" started-at="2022-02-05T21:58:31 EST" name="test1" finished-at="2022-02-05T21:58:33 EST" duration-ms="2238" status="PASS">
          <reporter-output>
          </reporter-output>
        </test-method> <!-- test1 -->
        <test-method is-config="true" signature="stopDockerDeleteFile()[pri:0, instance:Tests.chromeTest1@6ce139a4]" started-at="2022-02-05T21:58:43 EST" name="stopDockerDeleteFile" finished-at="2022-02-05T21:58:46 EST" duration-ms="3011" status="PASS">
          <reporter-output>
          </reporter-output>
        </test-method> <!-- stopDockerDeleteFile -->
      </class> <!-- Tests.chromeTest1 -->
      <class name="Tests.chromeTest2">
        <test-method signature="test2()[pri:0, instance:Tests.chromeTest2@18ce0030]" started-at="2022-02-05T21:58:33 EST" name="test2" finished-at="2022-02-05T21:58:35 EST" duration-ms="2004" status="PASS">
          <reporter-output>
          </reporter-output>
        </test-method> <!-- test2 -->
      </class> <!-- Tests.chromeTest2 -->
      <class name="Tests.chromeTest3">
        <test-method signature="test3()[pri:0, instance:Tests.chromeTest3@4445629]" started-at="2022-02-05T21:58:35 EST" name="test3" finished-at="2022-02-05T21:58:43 EST" duration-ms="7948" status="PASS">
          <reporter-output>
          </reporter-output>
        </test-method> <!-- test3 -->
      </class> <!-- Tests.chromeTest3 -->
    </test> <!-- C:/Users/Miche/IdeaProjects/FullStackFramework -->
  </suite> <!-- All Test Suite -->
</testng-results>
